Name                                                                                                  Stmts   Miss  Cover
-------------------------------------------------------------------------------------------------------------------------
C:\Users\Jennifer Tramsu\Desktop\frank-gu-lab\disco-data-processing\src\data_analyze.py                  43      0   100%
C:\Users\Jennifer Tramsu\Desktop\frank-gu-lab\disco-data-processing\src\data_merging.py                  95      6    94%
C:\Users\Jennifer Tramsu\Desktop\frank-gu-lab\disco-data-processing\src\data_plot.py                     39      0   100%
C:\Users\Jennifer Tramsu\Desktop\frank-gu-lab\disco-data-processing\src\data_wrangling_functions.py     251      1    99%
C:\Users\Jennifer Tramsu\Desktop\frank-gu-lab\disco-data-processing\src\data_wrangling_helpers.py       257     12    95%
-------------------------------------------------------------------------------------------------------------------------
TOTAL                                                                                                   685     19    97%